<?xml version="1.0" encoding="UTF-8"?>
<!-- Generated by org.testng.reporters.JUnitReportReporter -->
<testsuite hostname="Medge454" failures="0" tests="2" name="cucumber.runner.CucumberRunner" time="0.904" errors="2" timestamp="2022-07-08T01:56:18 GMT+05:30" skipped="0">
  <testcase classname="cucumber.runner.CucumberRunner" name="runScenario" time="0.896">
    <error message="Cannot invoke &quot;com.aventstack.extentreports.ExtentReports.createTest(String)&quot; because &quot;com.mindtree.utilities.BaseClass.ext&quot; is null" type="java.lang.NullPointerException">
      <![CDATA[java.lang.NullPointerException: Cannot invoke "com.aventstack.extentreports.ExtentReports.createTest(String)" because "com.mindtree.utilities.BaseClass.ext" is null
at cucumber.stepdefinitions.TestDefinition.driver_is_initialized(TestDefinition.java:62)
at ✽.Chrome driver is initialized(file:///C:/Users/mindc1may98/eclipse-workspace/newPr2/src/test/java/cucumber/features/Test.feature:5)
]]>
    </error>
  </testcase> <!-- runScenario -->
  <system-out/>
  <testcase classname="cucumber.runner.CucumberRunner" name="runScenario" time="0.008">
    <error message="Cannot invoke &quot;com.aventstack.extentreports.ExtentReports.createTest(String)&quot; because &quot;com.mindtree.utilities.BaseClass.ext&quot; is null" type="java.lang.NullPointerException">
      <![CDATA[java.lang.NullPointerException: Cannot invoke "com.aventstack.extentreports.ExtentReports.createTest(String)" because "com.mindtree.utilities.BaseClass.ext" is null
at cucumber.stepdefinitions.TestDefinition.driver_is_initialized(TestDefinition.java:62)
at ✽.Chrome driver is initialized(file:///C:/Users/mindc1may98/eclipse-workspace/newPr2/src/test/java/cucumber/features/Test.feature:19)
]]>
    </error>
  </testcase> <!-- runScenario -->
  <system-out/>
</testsuite> <!-- cucumber.runner.CucumberRunner -->
