<?xml version="1.0" encoding="UTF-8"?>
<!-- Generated by org.testng.reporters.JUnitReportReporter -->
<testsuite hostname="Medge454" failures="0" tests="2" name="com.mindtree.runner.Runner" time="13.541" errors="0" timestamp="2022-07-08T03:16:58 GMT+05:30" skipped="0">
  <testcase classname="com.mindtree.runner.Runner" name="inputSearchAndCheck" time="7.928"/>
  <system-out/>
  <testcase classname="com.mindtree.runner.Runner" name="stringSearchAndCheck" time="5.613"/>
  <system-out/>
</testsuite> <!-- com.mindtree.runner.Runner -->
